[I 250508 17:47:37 ws_feed:22] on open
[W 250508 17:47:37 smartWebSocketV2:318] Attempting to resubscribe/reconnect (Attempt 1)...
[I 250508 17:47:47 ws_feed:22] on open
[E 250508 17:47:47 ws_feed:29] Connection closed
[W 250508 17:47:47 smartWebSocketV2:342] Connection closed due to max retry attempts reached.
[E 250508 17:47:47 ws_feed:29] Connection closed
[W 250508 17:47:47 smartWebSocketV2:342] Connection closed due to max retry attempts reached.
[E 250508 17:47:47 ws_feed:29] Connection closed
[W 250508 17:47:47 smartWebSocketV2:342] Connection closed due to max retry attempts reached.
[E 250508 17:47:47 ws_feed:29] Connection closed
[W 250508 17:47:47 smartWebSocketV2:342] Connection closed due to max retry attempts reached.
[E 250508 17:47:47 ws_feed:29] Connection closed
[W 250508 17:47:47 smartWebSocketV2:342] Connection closed due to max retry attempts reached.
[I 250508 17:49:30 ws_feed:53] on open
[I 250508 17:49:30 ws_feed:57] Ticks: {'subscription_mode': 1, 'exchange_type': 1, 'token': '26009', 'sequence_number': 16385413, 'exchange_timestamp': 1746700689000, 'last_traded_price': 5436565, 'subscription_mode_val': 'LTP'}
[I 250508 19:02:35 ws_feed:41] on open
[I 250508 19:02:35 ws_feed:45] Ticks: {'subscription_mode': 1, 'exchange_type': 1, 'token': '26009', 'sequence_number': 16385413, 'exchange_timestamp': 1746700689000, 'last_traded_price': 5436565, 'subscription_mode_val': 'LTP'}
[I 250508 19:03:30 ws_feed:41] on open
[I 250508 19:03:30 ws_feed:45] Ticks: {'subscription_mode': 1, 'exchange_type': 1, 'token': '26009', 'sequence_number': 16385413, 'exchange_timestamp': 1746700689000, 'last_traded_price': 5436565, 'subscription_mode_val': 'LTP'}
[I 250508 19:21:55 ws_feed:41] on open
[I 250508 19:21:55 ws_feed:51] Ticks: {'subscription_mode': 1, 'exchange_type': 1, 'token': '26009', 'sequence_number': 16385413, 'exchange_timestamp': 1746700689000, 'last_traded_price': 5436565, 'subscription_mode_val': 'LTP'}
[I 250508 19:22:21 ws_feed:46] Closing Socket Connection
[W 250508 19:22:21 smartWebSocketV2:318] Attempting to resubscribe/reconnect (Attempt 1)...
[I 250508 19:22:31 ws_feed:41] on open
[I 250508 19:22:31 ws_feed:51] Ticks: {'subscription_mode': 1, 'exchange_type': 1, 'token': '26009', 'sequence_number': 16385413, 'exchange_timestamp': 1746700689000, 'last_traded_price': 5436565, 'subscription_mode_val': 'LTP'}
[I 250508 19:23:41 ws_feed:41] on open
[I 250508 19:23:41 ws_feed:51] Ticks: {'subscription_mode': 1, 'exchange_type': 1, 'token': '26009', 'sequence_number': 16385413, 'exchange_timestamp': 1746700689000, 'last_traded_price': 5436565, 'subscription_mode_val': 'LTP'}
[I 250508 19:25:02 ws_feed:41] on open
[I 250508 19:25:02 ws_feed:51] Ticks: {'subscription_mode': 1, 'exchange_type': 1, 'token': '26009', 'sequence_number': 16385413, 'exchange_timestamp': 1746700689000, 'last_traded_price': 5436565, 'subscription_mode_val': 'LTP'}
[W 250508 19:25:09 smartWebSocketV2:318] Attempting to resubscribe/reconnect (Attempt 1)...
[I 250508 19:25:19 ws_feed:41] on open
[I 250508 19:25:19 ws_feed:51] Ticks: {'subscription_mode': 1, 'exchange_type': 1, 'token': '26009', 'sequence_number': 16385413, 'exchange_timestamp': 1746700689000, 'last_traded_price': 5436565, 'subscription_mode_val': 'LTP'}
[E 250508 19:25:25 ws_feed:57] Connection closed
[W 250508 19:25:25 smartWebSocketV2:342] Connection closed due to max retry attempts reached.
[I 250508 19:38:58 ws_feed:41] on open
[I 250508 19:38:58 ws_feed:51] Ticks: {'subscription_mode': 1, 'exchange_type': 1, 'token': '26009', 'sequence_number': 16385413, 'exchange_timestamp': 1746700689000, 'last_traded_price': 5436565, 'subscription_mode_val': 'LTP'}
[W 250508 19:39:01 smartWebSocketV2:318] Attempting to resubscribe/reconnect (Attempt 1)...
[I 250508 19:39:11 ws_feed:41] on open
[I 250508 19:39:11 ws_feed:51] Ticks: {'subscription_mode': 1, 'exchange_type': 1, 'token': '26009', 'sequence_number': 16385413, 'exchange_timestamp': 1746700689000, 'last_traded_price': 5436565, 'subscription_mode_val': 'LTP'}
[E 250508 19:39:20 ws_feed:57] Connection closed
[W 250508 19:39:20 smartWebSocketV2:342] Connection closed due to max retry attempts reached.
[I 250508 19:39:20 ws_feed:41] on open
[I 250508 19:39:20 ws_feed:51] Ticks: {'subscription_mode': 1, 'exchange_type': 1, 'token': '26009', 'sequence_number': 16385413, 'exchange_timestamp': 1746700689000, 'last_traded_price': 5436565, 'subscription_mode_val': 'LTP'}
[E 250508 19:39:26 ws_feed:57] Connection closed
[W 250508 19:39:26 smartWebSocketV2:342] Connection closed due to max retry attempts reached.
[I 250508 19:39:26 ws_feed:41] on open
[I 250508 19:39:26 ws_feed:51] Ticks: {'subscription_mode': 1, 'exchange_type': 1, 'token': '26009', 'sequence_number': 16385413, 'exchange_timestamp': 1746700689000, 'last_traded_price': 5436565, 'subscription_mode_val': 'LTP'}
[I 250508 19:40:53 ws_feed:41] on open
[I 250508 19:40:53 ws_feed:51] Ticks: {'subscription_mode': 1, 'exchange_type': 1, 'token': '26009', 'sequence_number': 16385413, 'exchange_timestamp': 1746700689000, 'last_traded_price': 5436565, 'subscription_mode_val': 'LTP'}
[W 250508 19:40:56 smartWebSocketV2:318] Attempting to resubscribe/reconnect (Attempt 1)...
[I 250508 19:41:06 ws_feed:41] on open
[I 250508 19:41:06 ws_feed:51] Ticks: {'subscription_mode': 1, 'exchange_type': 1, 'token': '26009', 'sequence_number': 16385413, 'exchange_timestamp': 1746700689000, 'last_traded_price': 5436565, 'subscription_mode_val': 'LTP'}
[E 250508 19:41:08 ws_feed:57] Connection closed
[W 250508 19:41:08 smartWebSocketV2:342] Connection closed due to max retry attempts reached.
[I 250508 19:41:08 ws_feed:41] on open
[I 250508 19:41:08 ws_feed:51] Ticks: {'subscription_mode': 1, 'exchange_type': 1, 'token': '26009', 'sequence_number': 16385413, 'exchange_timestamp': 1746700689000, 'last_traded_price': 5436565, 'subscription_mode_val': 'LTP'}
[I 250508 19:41:49 ws_feed:41] on open
[I 250508 19:41:49 ws_feed:51] Ticks: {'subscription_mode': 1, 'exchange_type': 1, 'token': '26009', 'sequence_number': 16385413, 'exchange_timestamp': 1746700689000, 'last_traded_price': 5436565, 'subscription_mode_val': 'LTP'}
[W 250508 19:41:52 smartWebSocketV2:318] Attempting to resubscribe/reconnect (Attempt 1)...
[I 250508 19:42:02 ws_feed:41] on open
[I 250508 19:42:02 ws_feed:51] Ticks: {'subscription_mode': 1, 'exchange_type': 1, 'token': '26009', 'sequence_number': 16385413, 'exchange_timestamp': 1746700689000, 'last_traded_price': 5436565, 'subscription_mode_val': 'LTP'}
[I 250508 19:48:19 ws_feed:41] on open
[I 250508 19:48:19 ws_feed:51] Ticks: {'subscription_mode': 1, 'exchange_type': 1, 'token': '26009', 'sequence_number': 16385413, 'exchange_timestamp': 1746700689000, 'last_traded_price': 5436565, 'subscription_mode_val': 'LTP'}
[W 250508 19:48:21 smartWebSocketV2:318] Attempting to resubscribe/reconnect (Attempt 1)...
[I 250508 19:48:31 ws_feed:41] on open
[I 250508 19:48:31 ws_feed:51] Ticks: {'subscription_mode': 1, 'exchange_type': 1, 'token': '26009', 'sequence_number': 16385413, 'exchange_timestamp': 1746700689000, 'last_traded_price': 5436565, 'subscription_mode_val': 'LTP'}
[I 250508 19:50:18 ws_feed:41] on open
[I 250508 19:50:18 ws_feed:51] Ticks: {'subscription_mode': 1, 'exchange_type': 1, 'token': '26009', 'sequence_number': 16385413, 'exchange_timestamp': 1746700689000, 'last_traded_price': 5436565, 'subscription_mode_val': 'LTP'}
[E 250508 19:50:20 ws_feed:57] Connection closed
[W 250508 19:50:20 smartWebSocketV2:342] Connection closed due to max retry attempts reached.
[I 250508 19:50:20 ws_feed:41] on open
[I 250508 19:50:20 ws_feed:51] Ticks: {'subscription_mode': 1, 'exchange_type': 1, 'token': '26009', 'sequence_number': 16385413, 'exchange_timestamp': 1746700689000, 'last_traded_price': 5436565, 'subscription_mode_val': 'LTP'}
[E 250508 19:50:24 ws_feed:57] Connection closed
[W 250508 19:50:24 smartWebSocketV2:342] Connection closed due to max retry attempts reached.
[I 250508 19:50:24 ws_feed:41] on open
[I 250508 19:50:24 ws_feed:51] Ticks: {'subscription_mode': 1, 'exchange_type': 1, 'token': '26009', 'sequence_number': 16385413, 'exchange_timestamp': 1746700689000, 'last_traded_price': 5436565, 'subscription_mode_val': 'LTP'}
[E 250508 19:50:25 ws_feed:57] Connection closed
[W 250508 19:50:25 smartWebSocketV2:342] Connection closed due to max retry attempts reached.
[I 250508 19:50:26 ws_feed:41] on open
[I 250508 19:50:26 ws_feed:51] Ticks: {'subscription_mode': 1, 'exchange_type': 1, 'token': '26009', 'sequence_number': 16385413, 'exchange_timestamp': 1746700689000, 'last_traded_price': 5436565, 'subscription_mode_val': 'LTP'}
[E 250508 19:50:26 ws_feed:57] Connection closed
[W 250508 19:50:26 smartWebSocketV2:342] Connection closed due to max retry attempts reached.
[I 250508 19:50:27 ws_feed:41] on open
[I 250508 19:50:27 ws_feed:51] Ticks: {'subscription_mode': 1, 'exchange_type': 1, 'token': '26009', 'sequence_number': 16385413, 'exchange_timestamp': 1746700689000, 'last_traded_price': 5436565, 'subscription_mode_val': 'LTP'}
[I 250508 19:51:57 ws_feed:41] on open
[I 250508 19:51:57 ws_feed:51] Ticks: {'subscription_mode': 1, 'exchange_type': 1, 'token': '26009', 'sequence_number': 16385413, 'exchange_timestamp': 1746700689000, 'last_traded_price': 5436565, 'subscription_mode_val': 'LTP'}
[E 250508 19:51:59 ws_feed:57] Connection closed
[W 250508 19:51:59 smartWebSocketV2:342] Connection closed due to max retry attempts reached.
[I 250508 19:51:59 ws_feed:41] on open
[I 250508 19:51:59 ws_feed:51] Ticks: {'subscription_mode': 1, 'exchange_type': 1, 'token': '26009', 'sequence_number': 16385413, 'exchange_timestamp': 1746700689000, 'last_traded_price': 5436565, 'subscription_mode_val': 'LTP'}
[I 250508 19:53:07 ws_feed:43] on open
[I 250508 19:53:07 ws_feed:53] Ticks: {'subscription_mode': 1, 'exchange_type': 1, 'token': '26009', 'sequence_number': 16385413, 'exchange_timestamp': 1746700689000, 'last_traded_price': 5436565, 'subscription_mode_val': 'LTP'}
